d:\c_language_code\whu_2_lishuang\mfcapplication_20240607_cppteamwork\mfcapplication_20240607_cppteamwork\mfcapplication_20240607_cppteamwork\x64\debug\mfcapplication_20240607_cppteamwork.pch
d:\c_language_code\whu_2_lishuang\mfcapplication_20240607_cppteamwork\mfcapplication_20240607_cppteamwork\mfcapplication_20240607_cppteamwork\x64\debug\vc143.pdb
d:\c_language_code\whu_2_lishuang\mfcapplication_20240607_cppteamwork\mfcapplication_20240607_cppteamwork\mfcapplication_20240607_cppteamwork\x64\debug\vc143.idb
d:\c_language_code\whu_2_lishuang\mfcapplication_20240607_cppteamwork\mfcapplication_20240607_cppteamwork\mfcapplication_20240607_cppteamwork\x64\debug\pch.obj
d:\c_language_code\whu_2_lishuang\mfcapplication_20240607_cppteamwork\mfcapplication_20240607_cppteamwork\mfcapplication_20240607_cppteamwork\x64\debug\addpointdlg.obj
d:\c_language_code\whu_2_lishuang\mfcapplication_20240607_cppteamwork\mfcapplication_20240607_cppteamwork\mfcapplication_20240607_cppteamwork\x64\debug\bininsertsortzdig.obj
d:\c_language_code\whu_2_lishuang\mfcapplication_20240607_cppteamwork\mfcapplication_20240607_cppteamwork\mfcapplication_20240607_cppteamwork\x64\debug\bubblesortdlg.obj
d:\c_language_code\whu_2_lishuang\mfcapplication_20240607_cppteamwork\mfcapplication_20240607_cppteamwork\mfcapplication_20240607_cppteamwork\x64\debug\buyaccountdlg.obj
d:\c_language_code\whu_2_lishuang\mfcapplication_20240607_cppteamwork\mfcapplication_20240607_cppteamwork\mfcapplication_20240607_cppteamwork\x64\debug\buyvipdlg.obj
d:\c_language_code\whu_2_lishuang\mfcapplication_20240607_cppteamwork\mfcapplication_20240607_cppteamwork\mfcapplication_20240607_cppteamwork\x64\debug\chadlg.obj
d:\c_language_code\whu_2_lishuang\mfcapplication_20240607_cppteamwork\mfcapplication_20240607_cppteamwork\mfcapplication_20240607_cppteamwork\x64\debug\childfrm.obj
d:\c_language_code\whu_2_lishuang\mfcapplication_20240607_cppteamwork\mfcapplication_20240607_cppteamwork\mfcapplication_20240607_cppteamwork\x64\debug\cteamworkdialog.obj
d:\c_language_code\whu_2_lishuang\mfcapplication_20240607_cppteamwork\mfcapplication_20240607_cppteamwork\mfcapplication_20240607_cppteamwork\x64\debug\deldlg.obj
d:\c_language_code\whu_2_lishuang\mfcapplication_20240607_cppteamwork\mfcapplication_20240607_cppteamwork\mfcapplication_20240607_cppteamwork\x64\debug\filereaddlg.obj
d:\c_language_code\whu_2_lishuang\mfcapplication_20240607_cppteamwork\mfcapplication_20240607_cppteamwork\mfcapplication_20240607_cppteamwork\x64\debug\findpointbyname.obj
d:\c_language_code\whu_2_lishuang\mfcapplication_20240607_cppteamwork\mfcapplication_20240607_cppteamwork\mfcapplication_20240607_cppteamwork\x64\debug\findpointbynumdlg.obj
d:\c_language_code\whu_2_lishuang\mfcapplication_20240607_cppteamwork\mfcapplication_20240607_cppteamwork\mfcapplication_20240607_cppteamwork\x64\debug\heapsortdlg.obj
d:\c_language_code\whu_2_lishuang\mfcapplication_20240607_cppteamwork\mfcapplication_20240607_cppteamwork\mfcapplication_20240607_cppteamwork\x64\debug\insertsortdlg.obj
d:\c_language_code\whu_2_lishuang\mfcapplication_20240607_cppteamwork\mfcapplication_20240607_cppteamwork\mfcapplication_20240607_cppteamwork\x64\debug\mainfrm.obj
d:\c_language_code\whu_2_lishuang\mfcapplication_20240607_cppteamwork\mfcapplication_20240607_cppteamwork\mfcapplication_20240607_cppteamwork\x64\debug\mergesortdig.obj
d:\c_language_code\whu_2_lishuang\mfcapplication_20240607_cppteamwork\mfcapplication_20240607_cppteamwork\mfcapplication_20240607_cppteamwork\x64\debug\mfcapplication_20240607_cppteamwork.obj
d:\c_language_code\whu_2_lishuang\mfcapplication_20240607_cppteamwork\mfcapplication_20240607_cppteamwork\mfcapplication_20240607_cppteamwork\x64\debug\mfcapplication_20240607_cppteamworkdoc.obj
d:\c_language_code\whu_2_lishuang\mfcapplication_20240607_cppteamwork\mfcapplication_20240607_cppteamwork\mfcapplication_20240607_cppteamwork\x64\debug\multikeywordsortdlg.obj
d:\c_language_code\whu_2_lishuang\mfcapplication_20240607_cppteamwork\mfcapplication_20240607_cppteamwork\mfcapplication_20240607_cppteamwork\x64\debug\pointcalculateforthreedlg.obj
d:\c_language_code\whu_2_lishuang\mfcapplication_20240607_cppteamwork\mfcapplication_20240607_cppteamwork\mfcapplication_20240607_cppteamwork\x64\debug\pointcalculatefortwodlg.obj
d:\c_language_code\whu_2_lishuang\mfcapplication_20240607_cppteamwork\mfcapplication_20240607_cppteamwork\mfcapplication_20240607_cppteamwork\x64\debug\quicksortdlg.obj
d:\c_language_code\whu_2_lishuang\mfcapplication_20240607_cppteamwork\mfcapplication_20240607_cppteamwork\mfcapplication_20240607_cppteamwork\x64\debug\radixsortdlg.obj
d:\c_language_code\whu_2_lishuang\mfcapplication_20240607_cppteamwork\mfcapplication_20240607_cppteamwork\mfcapplication_20240607_cppteamwork\x64\debug\selectsortdlg.obj
d:\c_language_code\whu_2_lishuang\mfcapplication_20240607_cppteamwork\mfcapplication_20240607_cppteamwork\mfcapplication_20240607_cppteamwork\x64\debug\shellsortzdig.obj
d:\c_language_code\whu_2_lishuang\mfcapplication_20240607_cppteamwork\mfcapplication_20240607_cppteamwork\mfcapplication_20240607_cppteamwork\x64\debug\signindlg.obj
d:\c_language_code\whu_2_lishuang\mfcapplication_20240607_cppteamwork\mfcapplication_20240607_cppteamwork\mfcapplication_20240607_cppteamwork\x64\debug\usersetrgbdlg.obj
d:\c_language_code\whu_2_lishuang\mfcapplication_20240607_cppteamwork\mfcapplication_20240607_cppteamwork\mfcapplication_20240607_cppteamwork\x64\debug\mfcapplication_20240607_cppteamworkview.obj
d:\c_language_code\whu_2_lishuang\mfcapplication_20240607_cppteamwork\mfcapplication_20240607_cppteamwork\x64\debug\mfcapplication_20240607_cppteamwork.exe
d:\c_language_code\whu_2_lishuang\mfcapplication_20240607_cppteamwork\mfcapplication_20240607_cppteamwork\x64\debug\mfcapplication_20240607_cppteamwork.pdb
d:\c_language_code\whu_2_lishuang\mfcapplication_20240607_cppteamwork\mfcapplication_20240607_cppteamwork\mfcapplication_20240607_cppteamwork\x64\debug\mfcapplication20240607cppteamwork.res
d:\c_language_code\whu_2_lishuang\mfcapplication_20240607_cppteamwork\mfcapplication_20240607_cppteamwork\mfcapplication_20240607_cppteamwork\x64\debug\mfcappli.c2d0cf33.tlog\cl.command.1.tlog
d:\c_language_code\whu_2_lishuang\mfcapplication_20240607_cppteamwork\mfcapplication_20240607_cppteamwork\mfcapplication_20240607_cppteamwork\x64\debug\mfcappli.c2d0cf33.tlog\cl.items.tlog
d:\c_language_code\whu_2_lishuang\mfcapplication_20240607_cppteamwork\mfcapplication_20240607_cppteamwork\mfcapplication_20240607_cppteamwork\x64\debug\mfcappli.c2d0cf33.tlog\cl.read.1.tlog
d:\c_language_code\whu_2_lishuang\mfcapplication_20240607_cppteamwork\mfcapplication_20240607_cppteamwork\mfcapplication_20240607_cppteamwork\x64\debug\mfcappli.c2d0cf33.tlog\cl.write.1.tlog
d:\c_language_code\whu_2_lishuang\mfcapplication_20240607_cppteamwork\mfcapplication_20240607_cppteamwork\mfcapplication_20240607_cppteamwork\x64\debug\mfcappli.c2d0cf33.tlog\link.command.1.tlog
d:\c_language_code\whu_2_lishuang\mfcapplication_20240607_cppteamwork\mfcapplication_20240607_cppteamwork\mfcapplication_20240607_cppteamwork\x64\debug\mfcappli.c2d0cf33.tlog\link.read.1.tlog
d:\c_language_code\whu_2_lishuang\mfcapplication_20240607_cppteamwork\mfcapplication_20240607_cppteamwork\mfcapplication_20240607_cppteamwork\x64\debug\mfcappli.c2d0cf33.tlog\link.secondary.1.tlog
d:\c_language_code\whu_2_lishuang\mfcapplication_20240607_cppteamwork\mfcapplication_20240607_cppteamwork\mfcapplication_20240607_cppteamwork\x64\debug\mfcappli.c2d0cf33.tlog\link.write.1.tlog
d:\c_language_code\whu_2_lishuang\mfcapplication_20240607_cppteamwork\mfcapplication_20240607_cppteamwork\mfcapplication_20240607_cppteamwork\x64\debug\mfcappli.c2d0cf33.tlog\rc.command.1.tlog
d:\c_language_code\whu_2_lishuang\mfcapplication_20240607_cppteamwork\mfcapplication_20240607_cppteamwork\mfcapplication_20240607_cppteamwork\x64\debug\mfcappli.c2d0cf33.tlog\rc.read.1.tlog
d:\c_language_code\whu_2_lishuang\mfcapplication_20240607_cppteamwork\mfcapplication_20240607_cppteamwork\mfcapplication_20240607_cppteamwork\x64\debug\mfcappli.c2d0cf33.tlog\rc.write.1.tlog
